<?xml version="1.0" encoding="UTF-8"?>
<!-- Generated by org.testng.reporters.JUnitReportReporter -->
<testsuite hostname="DESKTOP-N60QB27" failures="0" tests="2" name="tests.SampleTest" time="5.105" errors="0" timestamp="2022-12-09T20:53:22 IST" skipped="0">
  <testcase classname="tests.SampleTest" name="loginTest" time="3.703"/>
  <testcase classname="tests.SampleTest" name="addProductTillCheckOutTest" time="1.402"/>
</testsuite> <!-- tests.SampleTest -->
