<?xml version="1.0" encoding="UTF-8"?>
<!-- Generated by org.testng.reporters.JUnitReportReporter -->
<testsuite hostname="DESKTOP-N60QB27" failures="0" tests="1" name="tests.LoginTest" time="3.949" errors="0" timestamp="2022-12-09T20:50:36 IST" skipped="0">
  <testcase classname="tests.LoginTest" name="loginTest" time="3.949"/>
</testsuite> <!-- tests.LoginTest -->
