<?xml version="1.0" encoding="UTF-8"?>
<!-- Generated by org.testng.reporters.JUnitReportReporter -->
<testsuite hostname="DESKTOP-N60QB27" failures="0" tests="2" name="tests.EndToEndTest" time="0.000" errors="0" timestamp="2022-12-09T23:35:22 IST" skipped="2">
  <testcase classname="tests.EndToEndTest" name="loginTest" time="0.000">
    <skipped/>
  </testcase> <!-- loginTest -->
  <testcase classname="tests.EndToEndTest" name="selectProductAndCheckOutTest" time="0.000">
    <skipped/>
  </testcase> <!-- selectProductAndCheckOutTest -->
</testsuite> <!-- tests.EndToEndTest -->
