<?xml version="1.0" encoding="UTF-8"?>
<!-- Generated by org.testng.reporters.JUnitReportReporter -->
<testsuite hostname="DESKTOP-N60QB27" failures="0" tests="6" name="tests.EndToEndTest" time="16.649" errors="0" timestamp="2022-12-09T23:54:45 IST" skipped="0">
  <testcase classname="tests.EndToEndTest" name="loginTest" time="4.777"/>
  <testcase classname="tests.EndToEndTest" name="loginTest" time="3.947"/>
  <testcase classname="tests.EndToEndTest" name="loginTest" time="3.705"/>
  <testcase classname="tests.EndToEndTest" name="selectProductAndCheckOutTest" time="1.412"/>
  <testcase classname="tests.EndToEndTest" name="selectProductAndCheckOutTest" time="1.260"/>
  <testcase classname="tests.EndToEndTest" name="selectProductAndCheckOutTest" time="1.548"/>
</testsuite> <!-- tests.EndToEndTest -->
